  main.cpp
LINK : warning LNK4098: defaultlib 'LIBCMT' conflicts with use of other libs; use /NODEFAULTLIB:library
  Generating code
  46 of 2749 functions ( 1.7%) were compiled, the rest were copied from previous compilation.
    0 functions were new in current compilation
    76 functions had inline decision re-evaluated but remain unchanged
  Finished generating code
LINK : warning LNK4286: symbol '___glewDeleteBuffers' defined in 'glew32s.lib(glew.obj)' is imported by 'imgui_impl_glfw_gl3.obj'
LINK : warning LNK4286: symbol '___glewLinkProgram' defined in 'glew32s.lib(glew.obj)' is imported by 'imgui_impl_glfw_gl3.obj'
LINK : warning LNK4286: symbol '___glewDeleteShader' defined in 'glew32s.lib(glew.obj)' is imported by 'imgui_impl_glfw_gl3.obj'
LINK : warning LNK4286: symbol '___glewGenBuffers' defined in 'glew32s.lib(glew.obj)' is imported by 'imgui_impl_glfw_gl3.obj'
LINK : warning LNK4286: symbol '___glewDetachShader' defined in 'glew32s.lib(glew.obj)' is imported by 'imgui_impl_glfw_gl3.obj'
LINK : warning LNK4286: symbol '___glewUniformMatrix4fv' defined in 'glew32s.lib(glew.obj)' is imported by 'imgui_impl_glfw_gl3.obj'
LINK : warning LNK4286: symbol '___glewBlendEquationSeparate' defined in 'glew32s.lib(glew.obj)' is imported by 'imgui_impl_glfw_gl3.obj'
LINK : warning LNK4286: symbol '___glewGenVertexArrays' defined in 'glew32s.lib(glew.obj)' is imported by 'imgui_impl_glfw_gl3.obj'
LINK : warning LNK4286: symbol '___glewBlendEquation' defined in 'glew32s.lib(glew.obj)' is imported by 'imgui_impl_glfw_gl3.obj'
LINK : warning LNK4286: symbol '___glewShaderSource' defined in 'glew32s.lib(glew.obj)' is imported by 'imgui_impl_glfw_gl3.obj'
LINK : warning LNK4286: symbol '___glewDeleteProgram' defined in 'glew32s.lib(glew.obj)' is imported by 'imgui_impl_glfw_gl3.obj'
LINK : warning LNK4286: symbol '___glewActiveTexture' defined in 'glew32s.lib(glew.obj)' is imported by 'imgui_impl_glfw_gl3.obj'
LINK : warning LNK4286: symbol '___glewAttachShader' defined in 'glew32s.lib(glew.obj)' is imported by 'imgui_impl_glfw_gl3.obj'
LINK : warning LNK4286: symbol '___glewBufferData' defined in 'glew32s.lib(glew.obj)' is imported by 'imgui_impl_glfw_gl3.obj'
LINK : warning LNK4286: symbol '___glewGetUniformLocation' defined in 'glew32s.lib(glew.obj)' is imported by 'imgui_impl_glfw_gl3.obj'
LINK : warning LNK4286: symbol '___glewDeleteVertexArrays' defined in 'glew32s.lib(glew.obj)' is imported by 'imgui_impl_glfw_gl3.obj'
LINK : warning LNK4286: symbol '___glewUniform1i' defined in 'glew32s.lib(glew.obj)' is imported by 'imgui_impl_glfw_gl3.obj'
LINK : warning LNK4286: symbol '___glewCreateProgram' defined in 'glew32s.lib(glew.obj)' is imported by 'imgui_impl_glfw_gl3.obj'
LINK : warning LNK4286: symbol '___glewBindBuffer' defined in 'glew32s.lib(glew.obj)' is imported by 'imgui_impl_glfw_gl3.obj'
LINK : warning LNK4286: symbol '___glewCreateShader' defined in 'glew32s.lib(glew.obj)' is imported by 'imgui_impl_glfw_gl3.obj'
LINK : warning LNK4286: symbol '___glewGetAttribLocation' defined in 'glew32s.lib(glew.obj)' is imported by 'imgui_impl_glfw_gl3.obj'
LINK : warning LNK4286: symbol '___glewCompileShader' defined in 'glew32s.lib(glew.obj)' is imported by 'imgui_impl_glfw_gl3.obj'
LINK : warning LNK4286: symbol '___glewVertexAttribPointer' defined in 'glew32s.lib(glew.obj)' is imported by 'imgui_impl_glfw_gl3.obj'
LINK : warning LNK4286: symbol '___glewUseProgram' defined in 'glew32s.lib(glew.obj)' is imported by 'imgui_impl_glfw_gl3.obj'
LINK : warning LNK4286: symbol '___glewBindVertexArray' defined in 'glew32s.lib(glew.obj)' is imported by 'imgui_impl_glfw_gl3.obj'
LINK : warning LNK4286: symbol '___glewEnableVertexAttribArray' defined in 'glew32s.lib(glew.obj)' is imported by 'imgui_impl_glfw_gl3.obj'
LINK : warning LNK4286: symbol '___glewUniform4f' defined in 'glew32s.lib(glew.obj)' is imported by 'Shader.obj'
LINK : warning LNK4286: symbol '___glewUniform3f' defined in 'glew32s.lib(glew.obj)' is imported by 'Shader.obj'
LINK : warning LNK4286: symbol '___glewGetProgramInfoLog' defined in 'glew32s.lib(glew.obj)' is imported by 'Shader.obj'
LINK : warning LNK4286: symbol '___glewUniform1f' defined in 'glew32s.lib(glew.obj)' is imported by 'Shader.obj'
LINK : warning LNK4286: symbol '___glewGetProgramiv' defined in 'glew32s.lib(glew.obj)' is imported by 'Shader.obj'
LINK : warning LNK4286: symbol '___glewValidateProgram' defined in 'glew32s.lib(glew.obj)' is imported by 'Shader.obj'
LINK : warning LNK4286: symbol '___glewGetShaderInfoLog' defined in 'glew32s.lib(glew.obj)' is imported by 'Shader.obj'
LINK : warning LNK4286: symbol '___glewGetShaderiv' defined in 'glew32s.lib(glew.obj)' is imported by 'Shader.obj'
glew32s.lib(glew.obj) : warning LNK4099: PDB '' was not found with 'glew32s.lib(glew.obj)' or at ''; linking object as if no debug info
  CS550.vcxproj -> C:\Users\brady\Desktop\CS550\Release\CS550.exe
